CopX/app/build/intermediates/manifest_merge_blame_file/debug/manifest-merger-blame-debug-report.txt
1<?xml version="1.0" encoding="utf-8"?>
2<manifest xmlns:android="http://schemas.android.com/apk/res/android"
3    package="xyz.prathamgandhi.cameratest"
4    android:versionCode="1"
5    android:versionName="1.0" >
6
7    <uses-sdk
8        android:minSdkVersion="21"
8-->src/main/AndroidManifest.xml
9        android:targetSdkVersion="31" />
9-->src/main/AndroidManifest.xml
10
11    <uses-feature android:name="android.hardware.camera.any" />
11-->src/main/AndroidManifest.xml:5:5-64
11-->src/main/AndroidManifest.xml:5:19-61
12
13    <uses-permission android:name="android.permission.CAMERA" />
13-->src/main/AndroidManifest.xml:7:5-65
13-->src/main/AndroidManifest.xml:7:22-62
14    <uses-permission android:name="android.permission.RECORD_AUDIO" />
14-->src/main/AndroidManifest.xml:8:5-71
14-->src/main/AndroidManifest.xml:8:22-68
15    <uses-permission android:name="android.permission.WRITE_EXTERNAL_STORAGE" />
15-->src/main/AndroidManifest.xml:9:5-81
15-->src/main/AndroidManifest.xml:9:22-78
16    <uses-permission android:name="android.permission.INTERNET" />
16-->src/main/AndroidManifest.xml:10:5-67
16-->src/main/AndroidManifest.xml:10:22-64
17    <uses-permission
17-->src/main/AndroidManifest.xml:11:5-13:38
18        android:name="android.permission.MANAGE_EXTERNAL_STORAGE"
18-->src/main/AndroidManifest.xml:12:9-66
19        android:minSdkVersion="30" />
19-->src/main/AndroidManifest.xml:13:9-35
20
21    <queries>
21-->[androidx.camera:camera-extensions:1.1.0-beta01] AndroidManifest.xml:24:5-28:15
22        <intent>
22-->[androidx.camera:camera-extensions:1.1.0-beta01] AndroidManifest.xml:25:9-27:18
23            <action android:name="androidx.camera.extensions.action.VENDOR_ACTION" />
23-->[androidx.camera:camera-extensions:1.1.0-beta01] AndroidManifest.xml:26:13-86
23-->[androidx.camera:camera-extensions:1.1.0-beta01] AndroidManifest.xml:26:21-83
24        </intent>
25    </queries> <!-- Although the *SdkVersion is captured in gradle build files, this is required for non gradle builds -->
26    <!-- <uses-sdk android:minSdkVersion="14"/> -->
27    <uses-permission android:name="android.permission.ACCESS_NETWORK_STATE" />
27-->[com.google.android.datatransport:transport-backend-cct:2.2.2] AndroidManifest.xml:25:5-79
27-->[com.google.android.datatransport:transport-backend-cct:2.2.2] AndroidManifest.xml:25:22-76
28
29    <application
29-->src/main/AndroidManifest.xml:15:5-41:19
30        android:allowBackup="true"
30-->src/main/AndroidManifest.xml:16:9-35
31        android:appComponentFactory="androidx.core.app.CoreComponentFactory"
31-->[androidx.core:core:1.7.0] AndroidManifest.xml:24:18-86
32        android:debuggable="true"
33        android:icon="@mipmap/ic_launcher"
33-->src/main/AndroidManifest.xml:17:9-43
34        android:label="@string/app_name"
34-->src/main/AndroidManifest.xml:18:9-41
35        android:requestLegacyExternalStorage="true"
35-->src/main/AndroidManifest.xml:19:9-52
36        android:roundIcon="@mipmap/ic_launcher_round"
36-->src/main/AndroidManifest.xml:20:9-54
37        android:supportsRtl="true"
37-->src/main/AndroidManifest.xml:21:9-35
38        android:testOnly="true"
39        android:theme="@style/AppTheme"
39-->src/main/AndroidManifest.xml:22:9-40
40        android:usesCleartextTraffic="true" >
40-->src/main/AndroidManifest.xml:23:9-44
41        <activity android:name="xyz.prathamgandhi.copx.IPActivity" />
41-->src/main/AndroidManifest.xml:24:9-57
41-->src/main/AndroidManifest.xml:24:19-45
42        <activity android:name="xyz.prathamgandhi.copx.RegisterPhoto" />
42-->src/main/AndroidManifest.xml:25:9-60
42-->src/main/AndroidManifest.xml:25:19-48
43        <activity android:name="xyz.prathamgandhi.copx.RegisterPage" />
43-->src/main/AndroidManifest.xml:26:9-50
43-->src/main/AndroidManifest.xml:26:19-47
44        <activity android:name="xyz.prathamgandhi.copx.LoginActivity" />
44-->src/main/AndroidManifest.xml:27:9-60
44-->src/main/AndroidManifest.xml:27:19-48
45        <activity
45-->src/main/AndroidManifest.xml:28:9-37:20
46            android:name="xyz.prathamgandhi.copx.SplashScreen"
46-->src/main/AndroidManifest.xml:29:13-41
47            android:screenOrientation="portrait"
47-->src/main/AndroidManifest.xml:30:13-49
48            android:theme="@style/splashScreenTheme" >
48-->src/main/AndroidManifest.xml:31:13-53
49            <intent-filter>
49-->src/main/AndroidManifest.xml:32:13-36:29
50                <action android:name="android.intent.action.MAIN" />
50-->src/main/AndroidManifest.xml:33:17-69
50-->src/main/AndroidManifest.xml:33:25-66
51
52                <category android:name="android.intent.category.LAUNCHER" />
52-->src/main/AndroidManifest.xml:35:17-77
52-->src/main/AndroidManifest.xml:35:27-74
53            </intent-filter>
54        </activity>
55        <activity
55-->src/main/AndroidManifest.xml:38:9-40:52
56            android:name="xyz.prathamgandhi.copx.HomePage"
56-->src/main/AndroidManifest.xml:39:13-37
57            android:screenOrientation="portrait" />
57-->src/main/AndroidManifest.xml:40:13-49
58
59        <uses-library
59-->[androidx.camera:camera-extensions:1.1.0-beta01] AndroidManifest.xml:31:9-33:40
60            android:name="androidx.camera.extensions.impl"
60-->[androidx.camera:camera-extensions:1.1.0-beta01] AndroidManifest.xml:32:13-59
61            android:required="false" />
61-->[androidx.camera:camera-extensions:1.1.0-beta01] AndroidManifest.xml:33:13-37
62
63        <service
63-->[androidx.camera:camera-camera2:1.1.0-beta01] AndroidManifest.xml:26:9-35:19
64            android:name="androidx.camera.core.impl.MetadataHolderService"
64-->[androidx.camera:camera-camera2:1.1.0-beta01] AndroidManifest.xml:27:13-75
65            android:enabled="false"
65-->[androidx.camera:camera-camera2:1.1.0-beta01] AndroidManifest.xml:28:13-36
66            android:exported="false" >
66-->[androidx.camera:camera-camera2:1.1.0-beta01] AndroidManifest.xml:29:13-37
67            <meta-data
67-->[androidx.camera:camera-camera2:1.1.0-beta01] AndroidManifest.xml:32:13-34:89
68                android:name="androidx.camera.core.impl.MetadataHolderService.DEFAULT_CONFIG_PROVIDER"
68-->[androidx.camera:camera-camera2:1.1.0-beta01] AndroidManifest.xml:33:17-103
69                android:value="androidx.camera.camera2.Camera2Config$DefaultProvider" />
69-->[androidx.camera:camera-camera2:1.1.0-beta01] AndroidManifest.xml:34:17-86
70        </service>
71        <service
71-->[com.google.android.gms:play-services-mlkit-face-detection:16.0.0] AndroidManifest.xml:9:9-15:19
72            android:name="com.google.mlkit.common.internal.MlKitComponentDiscoveryService"
72-->[com.google.android.gms:play-services-mlkit-face-detection:16.0.0] AndroidManifest.xml:10:13-91
73            android:directBootAware="true"
73-->[com.google.mlkit:common:16.0.0] AndroidManifest.xml:17:13-43
74            android:exported="false" >
74-->[com.google.android.gms:play-services-mlkit-face-detection:16.0.0] AndroidManifest.xml:11:13-37
75            <meta-data
75-->[com.google.android.gms:play-services-mlkit-face-detection:16.0.0] AndroidManifest.xml:12:13-14:85
76                android:name="com.google.firebase.components:com.google.mlkit.vision.face.internal.FaceRegistrar"
76-->[com.google.android.gms:play-services-mlkit-face-detection:16.0.0] AndroidManifest.xml:13:17-114
77                android:value="com.google.firebase.components.ComponentRegistrar" />
77-->[com.google.android.gms:play-services-mlkit-face-detection:16.0.0] AndroidManifest.xml:14:17-82
78            <meta-data
78-->[com.google.mlkit:vision-common:16.0.0] AndroidManifest.xml:12:13-14:85
79                android:name="com.google.firebase.components:com.google.mlkit.vision.common.internal.VisionCommonRegistrar"
79-->[com.google.mlkit:vision-common:16.0.0] AndroidManifest.xml:13:17-124
80                android:value="com.google.firebase.components.ComponentRegistrar" />
80-->[com.google.mlkit:vision-common:16.0.0] AndroidManifest.xml:14:17-82
81            <meta-data
81-->[com.google.mlkit:common:16.0.0] AndroidManifest.xml:20:13-22:85
82                android:name="com.google.firebase.components:com.google.mlkit.common.internal.CommonComponentRegistrar"
82-->[com.google.mlkit:common:16.0.0] AndroidManifest.xml:21:17-120
83                android:value="com.google.firebase.components.ComponentRegistrar" />
83-->[com.google.mlkit:common:16.0.0] AndroidManifest.xml:22:17-82
84        </service>
85
86        <provider
86-->[com.google.mlkit:common:16.0.0] AndroidManifest.xml:9:9-13:38
87            android:name="com.google.mlkit.common.internal.MlKitInitProvider"
87-->[com.google.mlkit:common:16.0.0] AndroidManifest.xml:10:13-78
88            android:authorities="xyz.prathamgandhi.cameratest.mlkitinitprovider"
88-->[com.google.mlkit:common:16.0.0] AndroidManifest.xml:11:13-69
89            android:exported="false"
89-->[com.google.mlkit:common:16.0.0] AndroidManifest.xml:12:13-37
90            android:initOrder="99" />
90-->[com.google.mlkit:common:16.0.0] AndroidManifest.xml:13:13-35
91
92        <activity
92-->[com.google.android.gms:play-services-base:17.0.0] AndroidManifest.xml:23:9-26:75
93            android:name="com.google.android.gms.common.api.GoogleApiActivity"
93-->[com.google.android.gms:play-services-base:17.0.0] AndroidManifest.xml:24:13-79
94            android:exported="false"
94-->[com.google.android.gms:play-services-base:17.0.0] AndroidManifest.xml:25:13-37
95            android:theme="@android:style/Theme.Translucent.NoTitleBar" />
95-->[com.google.android.gms:play-services-base:17.0.0] AndroidManifest.xml:26:13-72
96
97        <meta-data
97-->[com.google.android.gms:play-services-basement:17.0.0] AndroidManifest.xml:23:9-25:69
98            android:name="com.google.android.gms.version"
98-->[com.google.android.gms:play-services-basement:17.0.0] AndroidManifest.xml:24:13-58
99            android:value="@integer/google_play_services_version" />
99-->[com.google.android.gms:play-services-basement:17.0.0] AndroidManifest.xml:25:13-66
100
101        <provider
101-->[androidx.emoji2:emoji2:1.0.0] AndroidManifest.xml:26:9-34:20
102            android:name="androidx.startup.InitializationProvider"
102-->[androidx.emoji2:emoji2:1.0.0] AndroidManifest.xml:27:13-67
103            android:authorities="xyz.prathamgandhi.cameratest.androidx-startup"
103-->[androidx.emoji2:emoji2:1.0.0] AndroidManifest.xml:28:13-68
104            android:exported="false" >
104-->[androidx.emoji2:emoji2:1.0.0] AndroidManifest.xml:29:13-37
105            <meta-data
105-->[androidx.emoji2:emoji2:1.0.0] AndroidManifest.xml:31:13-33:52
106                android:name="androidx.emoji2.text.EmojiCompatInitializer"
106-->[androidx.emoji2:emoji2:1.0.0] AndroidManifest.xml:32:17-75
107                android:value="androidx.startup" />
107-->[androidx.emoji2:emoji2:1.0.0] AndroidManifest.xml:33:17-49
108            <meta-data
108-->[androidx.lifecycle:lifecycle-process:2.4.0] AndroidManifest.xml:31:13-33:52
109                android:name="androidx.lifecycle.ProcessLifecycleInitializer"
109-->[androidx.lifecycle:lifecycle-process:2.4.0] AndroidManifest.xml:32:17-78
110                android:value="androidx.startup" />
110-->[androidx.lifecycle:lifecycle-process:2.4.0] AndroidManifest.xml:33:17-49
111        </provider>
112
113        <service
113-->[com.google.android.datatransport:transport-backend-cct:2.2.2] AndroidManifest.xml:29:9-35:19
114            android:name="com.google.android.datatransport.runtime.backends.TransportBackendDiscovery"
114-->[com.google.android.datatransport:transport-backend-cct:2.2.2] AndroidManifest.xml:30:13-103
115            android:exported="false" >
115-->[com.google.android.datatransport:transport-backend-cct:2.2.2] AndroidManifest.xml:31:13-37
116            <meta-data
116-->[com.google.android.datatransport:transport-backend-cct:2.2.2] AndroidManifest.xml:32:13-34:39
117                android:name="backend:com.google.android.datatransport.cct.CctBackendFactory"
117-->[com.google.android.datatransport:transport-backend-cct:2.2.2] AndroidManifest.xml:33:17-94
118                android:value="cct" />
118-->[com.google.android.datatransport:transport-backend-cct:2.2.2] AndroidManifest.xml:34:17-36
119        </service>
120        <service
120-->[com.google.android.datatransport:transport-runtime:2.2.2] AndroidManifest.xml:26:9-30:19
121            android:name="com.google.android.datatransport.runtime.scheduling.jobscheduling.JobInfoSchedulerService"
121-->[com.google.android.datatransport:transport-runtime:2.2.2] AndroidManifest.xml:27:13-117
122            android:exported="false"
122-->[com.google.android.datatransport:transport-runtime:2.2.2] AndroidManifest.xml:28:13-37
123            android:permission="android.permission.BIND_JOB_SERVICE" >
123-->[com.google.android.datatransport:transport-runtime:2.2.2] AndroidManifest.xml:29:13-69
124        </service>
125
126        <receiver
126-->[com.google.android.datatransport:transport-runtime:2.2.2] AndroidManifest.xml:32:9-34:40
127            android:name="com.google.android.datatransport.runtime.scheduling.jobscheduling.AlarmManagerSchedulerBroadcastReceiver"
127-->[com.google.android.datatransport:transport-runtime:2.2.2] AndroidManifest.xml:33:13-132
128            android:exported="false" />
128-->[com.google.android.datatransport:transport-runtime:2.2.2] AndroidManifest.xml:34:13-37
129    </application>
130
131</manifest>